<?xml version="1.0" encoding="UTF-8"?>
<!-- Generated by org.testng.reporters.JUnitXMLReporter -->
<testsuite ignored="2" hostname="LAPTOP-E2PSIL5I" failures="0" tests="2" name="Test_Chrome_Win10" time="106.674" errors="0" timestamp="2023-10-27T13:37:47 IST">
  <testcase classname="MyAccount.Tests.LoginTest" name="loginTest" time="0.622"/>
  <testcase classname="MyAccount.Tests.LogOutTest" name="logOutTest" time="2.319"/>
  <testcase classname="genericUtilities.BaseClass" name="@AfterSuite flushExtentReport_asConfig" time="0.0">
    <ignored/>
  </testcase> <!-- @AfterSuite flushExtentReport_asConfig -->
  <testcase classname="genericUtilities.BaseClass" name="@BeforeSuite createExtentReport_bsConfig" time="0.0">
    <ignored/>
  </testcase> <!-- @BeforeSuite createExtentReport_bsConfig -->
</testsuite> <!-- Test_Chrome_Win10 -->
