<?xml version="1.0" encoding="UTF-8"?>
<!-- Generated by org.testng.reporters.JUnitXMLReporter -->
<testsuite ignored="2" hostname="LAPTOP-E2PSIL5I" failures="1" tests="2" name="Test_Batch" time="61.037" errors="0" timestamp="2023-11-07T15:36:21 IST">
  <testcase classname="MyAccount.Tests.LoginTest" name="loginTest" time="0.275">
    <failure type="java.lang.AssertionError" message="null">
      <![CDATA[java.lang.AssertionError: null
at MyAccount.Tests.LoginTest.loginTest(LoginTest.java:20)
at java.base/java.util.ArrayList.forEach(ArrayList.java:1511)
... Removed 29 stack frames]]>
    </failure>
  </testcase> <!-- loginTest -->
  <testcase classname="MyAccount.Tests.LogOutTest" name="logOutTest" time="2.184"/>
  <testcase classname="genericUtilities.BaseClass_new" name="@AfterSuite flushExtentReport_asConfig" time="0.0">
    <ignored/>
  </testcase> <!-- @AfterSuite flushExtentReport_asConfig -->
  <testcase classname="genericUtilities.BaseClass_new" name="@BeforeSuite bsCap_extentReport_bsConfig" time="0.0">
    <ignored/>
  </testcase> <!-- @BeforeSuite bsCap_extentReport_bsConfig -->
</testsuite> <!-- Test_Batch -->
