<?xml version="1.0" encoding="UTF-8"?>
<!-- Generated by org.testng.reporters.JUnitXMLReporter -->
<testsuite ignored="2" hostname="LAPTOP-E2PSIL5I" failures="1" tests="2" name="Test_Login" time="48.568" errors="0" timestamp="2023-11-02T18:17:29 IST">
  <testcase classname="MyAccount.Tests.LoginTest" name="loginTest" time="0.198">
    <failure type="java.lang.AssertionError" message="null">
      <![CDATA[java.lang.AssertionError: null
at MyAccount.Tests.LoginTest.loginTest(LoginTest.java:19)
at java.base/java.util.ArrayList.forEach(ArrayList.java:1511)
... Removed 29 stack frames]]>
    </failure>
  </testcase> <!-- loginTest -->
  <testcase classname="MyAccount.Tests.LogOutTest" name="logOutTest" time="0.664"/>
  <testcase classname="genericUtilities.BaseClass_new" name="@BeforeSuite createExtentReport_bsConfig" time="0.0">
    <ignored/>
  </testcase> <!-- @BeforeSuite createExtentReport_bsConfig -->
  <testcase classname="genericUtilities.BaseClass_new" name="@AfterSuite flushExtentReport_asConfig" time="0.0">
    <ignored/>
  </testcase> <!-- @AfterSuite flushExtentReport_asConfig -->
</testsuite> <!-- Test_Login -->
