<?xml version="1.0" encoding="UTF-8"?>
<!-- Generated by org.testng.reporters.JUnitXMLReporter -->
<testsuite ignored="0" hostname="LAPTOP-E2PSIL5I" failures="1" tests="1" name="Test_Chrome" time="22.509" errors="0" timestamp="2023-10-26T18:55:50 IST">
  <testcase classname="MyAccount.Tests.LoginTest" name="loginTest" time="5.888">
    <failure type="java.lang.AssertionError" message="[ASSERTION FAILED]: LOGIN FAILED expected [true] but found [false]">
      <![CDATA[java.lang.AssertionError: [ASSERTION FAILED]: LOGIN FAILED expected [true] but found [false]
at MyAccount.Tests.LoginTest.loginTest(LoginTest.java:29)
at java.base/java.util.ArrayList.forEach(ArrayList.java:1511)
... Removed 30 stack frames]]>
    </failure>
  </testcase> <!-- loginTest -->
</testsuite> <!-- Test_Chrome -->
