<?xml version="1.0" encoding="UTF-8"?>
<testng-results ignored="4" total="8" passed="3" failed="1" skipped="0">
  <reporter-output>
    <line>
      <![CDATA[******* Launched Firefox; Version: 117; Platform: Windows 10 ***********]]>
    </line>
    <line>
      <![CDATA[STEP: ENTERED LOGIN CREDENTIALS ]]>
    </line>
    <line>
      <![CDATA[[ASSERTION PASSED]: LOGIN SUCCESSFUL]]>
    </line>
    <line>
      <![CDATA[******* Launched Firefox; Version: latest; Platform: Windows 11 ***********]]>
    </line>
    <line>
      <![CDATA[STEP: ENTERED LOGIN CREDENTIALS ]]>
    </line>
    <line>
      <![CDATA[[ASSERTION PASSED]: LOGIN SUCCESSFUL]]>
    </line>
    <line>
      <![CDATA[******* Launched Firefox; Version: latest; Platform: Windows 11 ***********]]>
    </line>
    <line>
      <![CDATA[STEP: ENTERED LOGIN CREDENTIALS ]]>
    </line>
    <line>
      <![CDATA[STEP: Clicked on Logout from My account dropdown]]>
    </line>
    <line>
      <![CDATA[[ASSERTION PASSED]: LOGOUT SUCCESSFUL]]>
    </line>
    <line>
      <![CDATA[******* Launched Firefox; Version: 117; Platform: Windows 10 ***********]]>
    </line>
    <line>
      <![CDATA[STEP: ENTERED LOGIN CREDENTIALS ]]>
    </line>
  </reporter-output>
  <suite started-at="2023-10-26T22:56:52 IST" name="Suite" finished-at="2023-10-26T22:58:56 IST" duration-ms="124136">
    <groups>
    </groups>
    <test started-at="2023-10-26T22:56:52 IST" name="Test_Firefox_Windows11" finished-at="2023-10-26T22:57:59 IST" duration-ms="66819">
      <class name="MyAccount.Tests.LoginTest">
        <test-method is-config="true" signature="createExtentReport_bsConfig()[pri:0, instance:MyAccount.Tests.LoginTest@21de60b4]" started-at="2023-10-26T22:56:51 IST" name="createExtentReport_bsConfig" finished-at="2023-10-26T22:56:52 IST" duration-ms="547" status="PASS">
          <reporter-output>
          </reporter-output>
        </test-method> <!-- createExtentReport_bsConfig -->
        <test-method is-config="true" signature="setUpDriverAndLogin_bmConfig(java.lang.String, java.lang.String, java.lang.String, java.lang.reflect.Method)[pri:0, instance:MyAccount.Tests.LoginTest@21de60b4]" started-at="2023-10-26T22:56:52 IST" name="setUpDriverAndLogin_bmConfig" finished-at="2023-10-26T22:57:35 IST" duration-ms="42496" status="PASS">
          <params>
            <param index="0">
              <value>
                <![CDATA[Firefox]]>
              </value>
            </param>
            <param index="1">
              <value>
                <![CDATA[latest]]>
              </value>
            </param>
            <param index="2">
              <value>
                <![CDATA[Windows 11]]>
              </value>
            </param>
            <param index="3">
              <value>
                <![CDATA[public void MyAccount.Tests.LoginTest.loginTest() throws java.io.IOException]]>
              </value>
            </param>
          </params>
          <reporter-output>
            <line>
              <![CDATA[******* Launched Firefox; Version: latest; Platform: Windows 11 ***********]]>
            </line>
            <line>
              <![CDATA[STEP: ENTERED LOGIN CREDENTIALS ]]>
            </line>
          </reporter-output>
        </test-method> <!-- setUpDriverAndLogin_bmConfig -->
        <test-method signature="loginTest()[pri:0, instance:MyAccount.Tests.LoginTest@21de60b4]" started-at="2023-10-26T22:57:35 IST" name="loginTest" finished-at="2023-10-26T22:57:35 IST" duration-ms="608" status="PASS">
          <reporter-output>
            <line>
              <![CDATA[[ASSERTION PASSED]: LOGIN SUCCESSFUL]]>
            </line>
          </reporter-output>
        </test-method> <!-- loginTest -->
        <test-method is-config="true" signature="quitDriver_amConfig(org.testng.ITestResult)[pri:0, instance:MyAccount.Tests.LoginTest@21de60b4]" started-at="2023-10-26T22:57:35 IST" name="quitDriver_amConfig" finished-at="2023-10-26T22:57:36 IST" duration-ms="543" status="PASS">
          <params>
            <param index="0">
              <value>
                <![CDATA[[TestResult name=loginTest status=SUCCESS method=LoginTest.loginTest()[pri:0, instance:MyAccount.Tests.LoginTest@21de60b4] output=[ASSERTION PASSED]: LOGIN SUCCESSFUL]]]>
              </value>
            </param>
          </params>
          <reporter-output>
          </reporter-output>
        </test-method> <!-- quitDriver_amConfig -->
        <test-method is-config="true" signature="flushExtentReport_asConfig()[pri:0, instance:MyAccount.Tests.LoginTest@21de60b4]" started-at="2023-10-26T22:58:56 IST" name="flushExtentReport_asConfig" finished-at="2023-10-26T22:58:57 IST" duration-ms="561" status="PASS">
          <reporter-output>
          </reporter-output>
        </test-method> <!-- flushExtentReport_asConfig -->
      </class> <!-- MyAccount.Tests.LoginTest -->
      <class name="MyAccount.Tests.LogOutTest">
        <test-method is-config="true" signature="setUpDriverAndLogin_bmConfig(java.lang.String, java.lang.String, java.lang.String, java.lang.reflect.Method)[pri:0, instance:MyAccount.Tests.LogOutTest@c267ef4]" started-at="2023-10-26T22:57:36 IST" name="setUpDriverAndLogin_bmConfig" finished-at="2023-10-26T22:57:56 IST" duration-ms="20189" status="PASS">
          <params>
            <param index="0">
              <value>
                <![CDATA[Firefox]]>
              </value>
            </param>
            <param index="1">
              <value>
                <![CDATA[latest]]>
              </value>
            </param>
            <param index="2">
              <value>
                <![CDATA[Windows 11]]>
              </value>
            </param>
            <param index="3">
              <value>
                <![CDATA[public void MyAccount.Tests.LogOutTest.logOutTest()]]>
              </value>
            </param>
          </params>
          <reporter-output>
            <line>
              <![CDATA[******* Launched Firefox; Version: latest; Platform: Windows 11 ***********]]>
            </line>
            <line>
              <![CDATA[STEP: ENTERED LOGIN CREDENTIALS ]]>
            </line>
          </reporter-output>
        </test-method> <!-- setUpDriverAndLogin_bmConfig -->
        <test-method signature="logOutTest()[pri:0, instance:MyAccount.Tests.LogOutTest@c267ef4]" started-at="2023-10-26T22:57:56 IST" name="logOutTest" finished-at="2023-10-26T22:57:58 IST" duration-ms="2395" status="PASS">
          <reporter-output>
            <line>
              <![CDATA[STEP: Clicked on Logout from My account dropdown]]>
            </line>
            <line>
              <![CDATA[[ASSERTION PASSED]: LOGOUT SUCCESSFUL]]>
            </line>
          </reporter-output>
        </test-method> <!-- logOutTest -->
        <test-method is-config="true" signature="quitDriver_amConfig(org.testng.ITestResult)[pri:0, instance:MyAccount.Tests.LogOutTest@c267ef4]" started-at="2023-10-26T22:57:58 IST" name="quitDriver_amConfig" finished-at="2023-10-26T22:57:59 IST" duration-ms="507" status="PASS">
          <params>
            <param index="0">
              <value>
                <![CDATA[[TestResult name=logOutTest status=SUCCESS method=LogOutTest.logOutTest()[pri:0, instance:MyAccount.Tests.LogOutTest@c267ef4] output=STEP: Clicked on Logout from My account dropdown]]]>
              </value>
            </param>
          </params>
          <reporter-output>
          </reporter-output>
        </test-method> <!-- quitDriver_amConfig -->
      </class> <!-- MyAccount.Tests.LogOutTest -->
    </test> <!-- Test_Firefox_Windows11 -->
    <test started-at="2023-10-26T22:56:52 IST" name="Test_Firefox_Windows10" finished-at="2023-10-26T22:58:56 IST" duration-ms="124136">
      <class name="MyAccount.Tests.LoginTest">
        <test-method is-config="true" signature="setUpDriverAndLogin_bmConfig(java.lang.String, java.lang.String, java.lang.String, java.lang.reflect.Method)[pri:0, instance:MyAccount.Tests.LoginTest@769f71a9]" started-at="2023-10-26T22:56:52 IST" name="setUpDriverAndLogin_bmConfig" finished-at="2023-10-26T22:57:15 IST" duration-ms="23020" status="PASS">
          <params>
            <param index="0">
              <value>
                <![CDATA[Firefox]]>
              </value>
            </param>
            <param index="1">
              <value>
                <![CDATA[117]]>
              </value>
            </param>
            <param index="2">
              <value>
                <![CDATA[Windows 10]]>
              </value>
            </param>
            <param index="3">
              <value>
                <![CDATA[public void MyAccount.Tests.LoginTest.loginTest() throws java.io.IOException]]>
              </value>
            </param>
          </params>
          <reporter-output>
            <line>
              <![CDATA[******* Launched Firefox; Version: 117; Platform: Windows 10 ***********]]>
            </line>
            <line>
              <![CDATA[STEP: ENTERED LOGIN CREDENTIALS ]]>
            </line>
          </reporter-output>
        </test-method> <!-- setUpDriverAndLogin_bmConfig -->
        <test-method signature="loginTest()[pri:0, instance:MyAccount.Tests.LoginTest@769f71a9]" started-at="2023-10-26T22:57:15 IST" name="loginTest" finished-at="2023-10-26T22:57:16 IST" duration-ms="729" status="PASS">
          <reporter-output>
            <line>
              <![CDATA[[ASSERTION PASSED]: LOGIN SUCCESSFUL]]>
            </line>
          </reporter-output>
        </test-method> <!-- loginTest -->
        <test-method is-config="true" signature="quitDriver_amConfig(org.testng.ITestResult)[pri:0, instance:MyAccount.Tests.LoginTest@769f71a9]" started-at="2023-10-26T22:57:16 IST" name="quitDriver_amConfig" finished-at="2023-10-26T22:57:16 IST" duration-ms="511" status="PASS">
          <params>
            <param index="0">
              <value>
                <![CDATA[[TestResult name=loginTest status=SUCCESS method=LoginTest.loginTest()[pri:0, instance:MyAccount.Tests.LoginTest@769f71a9] output=[ASSERTION PASSED]: LOGIN SUCCESSFUL]]]>
              </value>
            </param>
          </params>
          <reporter-output>
          </reporter-output>
        </test-method> <!-- quitDriver_amConfig -->
      </class> <!-- MyAccount.Tests.LoginTest -->
      <class name="MyAccount.Tests.LogOutTest">
        <test-method is-config="true" signature="setUpDriverAndLogin_bmConfig(java.lang.String, java.lang.String, java.lang.String, java.lang.reflect.Method)[pri:0, instance:MyAccount.Tests.LogOutTest@4c9f8c13]" started-at="2023-10-26T22:57:16 IST" name="setUpDriverAndLogin_bmConfig" finished-at="2023-10-26T22:58:25 IST" duration-ms="68219" status="PASS">
          <params>
            <param index="0">
              <value>
                <![CDATA[Firefox]]>
              </value>
            </param>
            <param index="1">
              <value>
                <![CDATA[117]]>
              </value>
            </param>
            <param index="2">
              <value>
                <![CDATA[Windows 10]]>
              </value>
            </param>
            <param index="3">
              <value>
                <![CDATA[public void MyAccount.Tests.LogOutTest.logOutTest()]]>
              </value>
            </param>
          </params>
          <reporter-output>
            <line>
              <![CDATA[******* Launched Firefox; Version: 117; Platform: Windows 10 ***********]]>
            </line>
            <line>
              <![CDATA[STEP: ENTERED LOGIN CREDENTIALS ]]>
            </line>
          </reporter-output>
        </test-method> <!-- setUpDriverAndLogin_bmConfig -->
        <test-method signature="logOutTest()[pri:0, instance:MyAccount.Tests.LogOutTest@4c9f8c13]" started-at="2023-10-26T22:58:25 IST" name="logOutTest" finished-at="2023-10-26T22:58:55 IST" duration-ms="30272" status="FAIL">
          <exception class="org.openqa.selenium.NoSuchElementException">
            <message>
              <![CDATA[Unable to locate element: //a[@title='My Account']
For documentation on this error, please visit: https://www.selenium.dev/documentation/webdriver/troubleshooting/errors#no-such-element-exception
Build info: version: '4.14.0', revision: 'e5a96349ce'
System info: os.name: 'Windows 10', os.arch: 'amd64', os.version: '10.0', java.version: '17.0.5'
Driver info: org.openqa.selenium.remote.RemoteWebDriver
Command: [e2480fe0831e4a478a82c7ad8fc66abc, findElement {using=xpath, value=//a[@title='My Account']}]
Capabilities {acceptInsecureCerts: false, browserName: firefox, browserVersion: 117.0.1, moz:accessibilityChecks: false, moz:buildID: 20230912013654, moz:geckodriverVersion: 0.33.0, moz:headless: false, moz:platformVersion: 10.0, moz:processID: 3632, moz:profile: C:\Users\sauce\AppData\Loca..., moz:shutdownTimeout: 60000, moz:webdriverClick: true, moz:windowless: false, pageLoadStrategy: normal, platformName: windows, proxy: Proxy(), selenium:webdriver.remote.quietExceptions: false, setWindowRect: true, strictFileInteractability: false, timeouts: {implicit: 0, pageLoad: 300000, script: 30000}, unhandledPromptBehavior: dismiss and notify, webdriver.remote.sessionid: 77f04979-41a1-44e4-9cf5-24e...}
Session ID: e2480fe0831e4a478a82c7ad8fc66abc]]>
            </message>
            <full-stacktrace>
              <![CDATA[org.openqa.selenium.NoSuchElementException: Unable to locate element: //a[@title='My Account']
For documentation on this error, please visit: https://www.selenium.dev/documentation/webdriver/troubleshooting/errors#no-such-element-exception
Build info: version: '4.14.0', revision: 'e5a96349ce'
System info: os.name: 'Windows 10', os.arch: 'amd64', os.version: '10.0', java.version: '17.0.5'
Driver info: org.openqa.selenium.remote.RemoteWebDriver
Command: [e2480fe0831e4a478a82c7ad8fc66abc, findElement {using=xpath, value=//a[@title='My Account']}]
Capabilities {acceptInsecureCerts: false, browserName: firefox, browserVersion: 117.0.1, moz:accessibilityChecks: false, moz:buildID: 20230912013654, moz:geckodriverVersion: 0.33.0, moz:headless: false, moz:platformVersion: 10.0, moz:processID: 3632, moz:profile: C:\Users\sauce\AppData\Loca..., moz:shutdownTimeout: 60000, moz:webdriverClick: true, moz:windowless: false, pageLoadStrategy: normal, platformName: windows, proxy: Proxy(), selenium:webdriver.remote.quietExceptions: false, setWindowRect: true, strictFileInteractability: false, timeouts: {implicit: 0, pageLoad: 300000, script: 30000}, unhandledPromptBehavior: dismiss and notify, webdriver.remote.sessionid: 77f04979-41a1-44e4-9cf5-24e...}
Session ID: e2480fe0831e4a478a82c7ad8fc66abc
at java.base/jdk.internal.reflect.NativeConstructorAccessorImpl.newInstance0(Native Method)
at java.base/jdk.internal.reflect.NativeConstructorAccessorImpl.newInstance(NativeConstructorAccessorImpl.java:77)
at java.base/jdk.internal.reflect.DelegatingConstructorAccessorImpl.newInstance(DelegatingConstructorAccessorImpl.java:45)
at java.base/java.lang.reflect.Constructor.newInstanceWithCaller(Constructor.java:499)
at java.base/java.lang.reflect.Constructor.newInstance(Constructor.java:480)
at org.openqa.selenium.remote.codec.w3c.W3CHttpResponseCodec.createException(W3CHttpResponseCodec.java:200)
at org.openqa.selenium.remote.codec.w3c.W3CHttpResponseCodec.decode(W3CHttpResponseCodec.java:133)
at org.openqa.selenium.remote.codec.w3c.W3CHttpResponseCodec.decode(W3CHttpResponseCodec.java:52)
at org.openqa.selenium.remote.HttpCommandExecutor.execute(HttpCommandExecutor.java:191)
at org.openqa.selenium.remote.TracedCommandExecutor.execute(TracedCommandExecutor.java:51)
at org.openqa.selenium.remote.RemoteWebDriver.execute(RemoteWebDriver.java:602)
at org.openqa.selenium.remote.ElementLocation$ElementFinder$2.findElement(ElementLocation.java:165)
at org.openqa.selenium.remote.ElementLocation.findElement(ElementLocation.java:59)
at org.openqa.selenium.remote.RemoteWebDriver.findElement(RemoteWebDriver.java:359)
at org.openqa.selenium.remote.RemoteWebDriver.findElement(RemoteWebDriver.java:353)
at org.openqa.selenium.support.pagefactory.DefaultElementLocator.findElement(DefaultElementLocator.java:68)
at org.openqa.selenium.support.pagefactory.internal.LocatingElementHandler.invoke(LocatingElementHandler.java:38)
at jdk.proxy2/jdk.proxy2.$Proxy18.click(Unknown Source)
at MyAccount.Tests.LogOutTest.logOutTest(LogOutTest.java:17)
at java.base/jdk.internal.reflect.NativeMethodAccessorImpl.invoke0(Native Method)
at java.base/jdk.internal.reflect.NativeMethodAccessorImpl.invoke(NativeMethodAccessorImpl.java:77)
at java.base/jdk.internal.reflect.DelegatingMethodAccessorImpl.invoke(DelegatingMethodAccessorImpl.java:43)
at java.base/java.lang.reflect.Method.invoke(Method.java:568)
at org.testng.internal.MethodInvocationHelper.invokeMethod(MethodInvocationHelper.java:135)
at org.testng.internal.TestInvoker.invokeMethod(TestInvoker.java:598)
at org.testng.internal.TestInvoker.invokeTestMethod(TestInvoker.java:174)
at org.testng.internal.MethodRunner.runInSequence(MethodRunner.java:46)
at org.testng.internal.TestInvoker$MethodInvocationAgent.invoke(TestInvoker.java:821)
at org.testng.internal.TestInvoker.invokeTestMethods(TestInvoker.java:147)
at org.testng.internal.TestMethodWorker.invokeTestMethods(TestMethodWorker.java:146)
at org.testng.internal.TestMethodWorker.run(TestMethodWorker.java:128)
at java.base/java.util.ArrayList.forEach(ArrayList.java:1511)
at org.testng.TestRunner.privateRun(TestRunner.java:767)
at org.testng.TestRunner.run(TestRunner.java:588)
at org.testng.SuiteRunner.runTest(SuiteRunner.java:384)
at org.testng.SuiteRunner.access$000(SuiteRunner.java:28)
at org.testng.SuiteRunner$SuiteWorker.run(SuiteRunner.java:425)
at org.testng.internal.thread.ThreadUtil.lambda$execute$0(ThreadUtil.java:68)
at java.base/java.util.concurrent.FutureTask.run(FutureTask.java:264)
at java.base/java.util.concurrent.ThreadPoolExecutor.runWorker(ThreadPoolExecutor.java:1136)
at java.base/java.util.concurrent.ThreadPoolExecutor$Worker.run(ThreadPoolExecutor.java:635)
at java.base/java.lang.Thread.run(Thread.java:833)
]]>
            </full-stacktrace>
          </exception> <!-- org.openqa.selenium.NoSuchElementException -->
          <reporter-output>
          </reporter-output>
        </test-method> <!-- logOutTest -->
        <test-method is-config="true" signature="quitDriver_amConfig(org.testng.ITestResult)[pri:0, instance:MyAccount.Tests.LogOutTest@4c9f8c13]" started-at="2023-10-26T22:58:56 IST" name="quitDriver_amConfig" finished-at="2023-10-26T22:58:56 IST" duration-ms="534" status="PASS">
          <params>
            <param index="0">
              <value>
                <![CDATA[[TestResult name=logOutTest status=FAILURE method=LogOutTest.logOutTest()[pri:0, instance:MyAccount.Tests.LogOutTest@4c9f8c13] output={null}]]]>
              </value>
            </param>
          </params>
          <reporter-output>
          </reporter-output>
        </test-method> <!-- quitDriver_amConfig -->
      </class> <!-- MyAccount.Tests.LogOutTest -->
    </test> <!-- Test_Firefox_Windows10 -->
  </suite> <!-- Suite -->
</testng-results>
