<?xml version="1.0" encoding="UTF-8"?>
<testng-results ignored="4" total="8" passed="4" failed="0" skipped="0">
  <reporter-output>
    <line>
      <![CDATA[******* Launched Chrome; Version: latest ***********]]>
    </line>
    <line>
      <![CDATA[******* Launched Firefox; Version: 119 ***********]]>
    </line>
    <line>
      <![CDATA[STEP: ENTERED LOGIN CREDENTIALS ]]>
    </line>
    <line>
      <![CDATA[[ASSERTION PASSED]: LOGIN SUCCESSFUL]]>
    </line>
    <line>
      <![CDATA[STEP: ENTERED LOGIN CREDENTIALS ]]>
    </line>
    <line>
      <![CDATA[[ASSERTION PASSED]: LOGIN SUCCESSFUL]]>
    </line>
    <line>
      <![CDATA[******* Launched Chrome; Version: latest ***********]]>
    </line>
    <line>
      <![CDATA[STEP: ENTERED LOGIN CREDENTIALS ]]>
    </line>
    <line>
      <![CDATA[STEP: Clicked on Logout from My account dropdown]]>
    </line>
    <line>
      <![CDATA[[ASSERTION PASSED]: LOGOUT SUCCESSFUL]]>
    </line>
    <line>
      <![CDATA[******* Launched Firefox; Version: 119 ***********]]>
    </line>
    <line>
      <![CDATA[STEP: ENTERED LOGIN CREDENTIALS ]]>
    </line>
    <line>
      <![CDATA[STEP: Clicked on Logout from My account dropdown]]>
    </line>
    <line>
      <![CDATA[[ASSERTION PASSED]: LOGOUT SUCCESSFUL]]>
    </line>
  </reporter-output>
  <suite started-at="2023-10-27T12:22:19 IST" name="Suite" finished-at="2023-10-27T12:23:37 IST" duration-ms="77474">
    <groups>
    </groups>
    <test started-at="2023-10-27T12:22:19 IST" name="Test_Chrome_Win10" finished-at="2023-10-27T12:23:23 IST" duration-ms="63278">
      <class name="MyAccount.Tests.LoginTest">
        <test-method is-config="true" signature="setUpDriverAndLogin_bmConfig(java.lang.String, java.lang.String, java.lang.String, java.lang.reflect.Method, org.testng.ITestResult)[pri:0, instance:MyAccount.Tests.LoginTest@769f71a9]" started-at="2023-10-27T12:22:19 IST" name="setUpDriverAndLogin_bmConfig" finished-at="2023-10-27T12:22:59 IST" duration-ms="39124" status="PASS">
          <params>
            <param index="0">
              <value>
                <![CDATA[Chrome]]>
              </value>
            </param>
            <param index="1">
              <value>
                <![CDATA[latest]]>
              </value>
            </param>
            <param index="2">
              <value>
                <![CDATA[Windows 10]]>
              </value>
            </param>
            <param index="3">
              <value>
                <![CDATA[public void MyAccount.Tests.LoginTest.loginTest() throws java.io.IOException]]>
              </value>
            </param>
            <param index="4">
              <value>
                <![CDATA[[TestResult name={null} status=CREATED method=LoginTest.loginTest()[pri:0, instance:MyAccount.Tests.LoginTest@769f71a9] output={null}]]]>
              </value>
            </param>
          </params>
          <reporter-output>
            <line>
              <![CDATA[******* Launched Chrome; Version: latest ***********]]>
            </line>
            <line>
              <![CDATA[STEP: ENTERED LOGIN CREDENTIALS ]]>
            </line>
          </reporter-output>
        </test-method> <!-- setUpDriverAndLogin_bmConfig -->
        <test-method signature="loginTest()[pri:0, instance:MyAccount.Tests.LoginTest@769f71a9]" started-at="2023-10-27T12:22:59 IST" name="loginTest" finished-at="2023-10-27T12:22:59 IST" duration-ms="327" status="PASS">
          <reporter-output>
            <line>
              <![CDATA[[ASSERTION PASSED]: LOGIN SUCCESSFUL]]>
            </line>
          </reporter-output>
        </test-method> <!-- loginTest -->
        <test-method is-config="true" signature="quitDriver_amConfig(org.testng.ITestResult)[pri:0, instance:MyAccount.Tests.LoginTest@769f71a9]" started-at="2023-10-27T12:22:59 IST" name="quitDriver_amConfig" finished-at="2023-10-27T12:23:00 IST" duration-ms="724" status="PASS">
          <params>
            <param index="0">
              <value>
                <![CDATA[[TestResult name=loginTest status=SUCCESS method=LoginTest.loginTest()[pri:0, instance:MyAccount.Tests.LoginTest@769f71a9] output=[ASSERTION PASSED]: LOGIN SUCCESSFUL]]]>
              </value>
            </param>
          </params>
          <reporter-output>
          </reporter-output>
        </test-method> <!-- quitDriver_amConfig -->
      </class> <!-- MyAccount.Tests.LoginTest -->
      <class name="MyAccount.Tests.LogOutTest">
        <test-method is-config="true" signature="setUpDriverAndLogin_bmConfig(java.lang.String, java.lang.String, java.lang.String, java.lang.reflect.Method, org.testng.ITestResult)[pri:0, instance:MyAccount.Tests.LogOutTest@4c9f8c13]" started-at="2023-10-27T12:23:00 IST" name="setUpDriverAndLogin_bmConfig" finished-at="2023-10-27T12:23:15 IST" duration-ms="15633" status="PASS">
          <params>
            <param index="0">
              <value>
                <![CDATA[Chrome]]>
              </value>
            </param>
            <param index="1">
              <value>
                <![CDATA[latest]]>
              </value>
            </param>
            <param index="2">
              <value>
                <![CDATA[Windows 10]]>
              </value>
            </param>
            <param index="3">
              <value>
                <![CDATA[public void MyAccount.Tests.LogOutTest.logOutTest()]]>
              </value>
            </param>
            <param index="4">
              <value>
                <![CDATA[[TestResult name={null} status=CREATED method=LogOutTest.logOutTest()[pri:0, instance:MyAccount.Tests.LogOutTest@4c9f8c13] output={null}]]]>
              </value>
            </param>
          </params>
          <reporter-output>
            <line>
              <![CDATA[******* Launched Chrome; Version: latest ***********]]>
            </line>
            <line>
              <![CDATA[STEP: ENTERED LOGIN CREDENTIALS ]]>
            </line>
          </reporter-output>
        </test-method> <!-- setUpDriverAndLogin_bmConfig -->
        <test-method signature="logOutTest()[pri:0, instance:MyAccount.Tests.LogOutTest@4c9f8c13]" started-at="2023-10-27T12:23:15 IST" name="logOutTest" finished-at="2023-10-27T12:23:21 IST" duration-ms="6120" status="PASS">
          <reporter-output>
            <line>
              <![CDATA[STEP: Clicked on Logout from My account dropdown]]>
            </line>
            <line>
              <![CDATA[[ASSERTION PASSED]: LOGOUT SUCCESSFUL]]>
            </line>
          </reporter-output>
        </test-method> <!-- logOutTest -->
        <test-method is-config="true" signature="quitDriver_amConfig(org.testng.ITestResult)[pri:0, instance:MyAccount.Tests.LogOutTest@4c9f8c13]" started-at="2023-10-27T12:23:21 IST" name="quitDriver_amConfig" finished-at="2023-10-27T12:23:23 IST" duration-ms="1202" status="PASS">
          <params>
            <param index="0">
              <value>
                <![CDATA[[TestResult name=logOutTest status=SUCCESS method=LogOutTest.logOutTest()[pri:0, instance:MyAccount.Tests.LogOutTest@4c9f8c13] output=STEP: Clicked on Logout from My account dropdown]]]>
              </value>
            </param>
          </params>
          <reporter-output>
          </reporter-output>
        </test-method> <!-- quitDriver_amConfig -->
      </class> <!-- MyAccount.Tests.LogOutTest -->
    </test> <!-- Test_Chrome_Win10 -->
    <test started-at="2023-10-27T12:22:19 IST" name="Test_Firefox_Win10" finished-at="2023-10-27T12:23:37 IST" duration-ms="77474">
      <class name="MyAccount.Tests.LoginTest">
        <test-method is-config="true" signature="createExtentReport_bsConfig()[pri:0, instance:MyAccount.Tests.LoginTest@21de60b4]" started-at="2023-10-27T12:22:19 IST" name="createExtentReport_bsConfig" finished-at="2023-10-27T12:22:19 IST" duration-ms="485" status="PASS">
          <reporter-output>
          </reporter-output>
        </test-method> <!-- createExtentReport_bsConfig -->
        <test-method is-config="true" signature="setUpDriverAndLogin_bmConfig(java.lang.String, java.lang.String, java.lang.String, java.lang.reflect.Method, org.testng.ITestResult)[pri:0, instance:MyAccount.Tests.LoginTest@21de60b4]" started-at="2023-10-27T12:22:19 IST" name="setUpDriverAndLogin_bmConfig" finished-at="2023-10-27T12:23:00 IST" duration-ms="40236" status="PASS">
          <params>
            <param index="0">
              <value>
                <![CDATA[Firefox]]>
              </value>
            </param>
            <param index="1">
              <value>
                <![CDATA[119]]>
              </value>
            </param>
            <param index="2">
              <value>
                <![CDATA[Windows 10]]>
              </value>
            </param>
            <param index="3">
              <value>
                <![CDATA[public void MyAccount.Tests.LoginTest.loginTest() throws java.io.IOException]]>
              </value>
            </param>
            <param index="4">
              <value>
                <![CDATA[[TestResult name={null} status=CREATED method=LoginTest.loginTest()[pri:0, instance:MyAccount.Tests.LoginTest@21de60b4] output={null}]]]>
              </value>
            </param>
          </params>
          <reporter-output>
            <line>
              <![CDATA[******* Launched Firefox; Version: 119 ***********]]>
            </line>
            <line>
              <![CDATA[STEP: ENTERED LOGIN CREDENTIALS ]]>
            </line>
          </reporter-output>
        </test-method> <!-- setUpDriverAndLogin_bmConfig -->
        <test-method signature="loginTest()[pri:0, instance:MyAccount.Tests.LoginTest@21de60b4]" started-at="2023-10-27T12:23:00 IST" name="loginTest" finished-at="2023-10-27T12:23:00 IST" duration-ms="472" status="PASS">
          <reporter-output>
            <line>
              <![CDATA[[ASSERTION PASSED]: LOGIN SUCCESSFUL]]>
            </line>
          </reporter-output>
        </test-method> <!-- loginTest -->
        <test-method is-config="true" signature="quitDriver_amConfig(org.testng.ITestResult)[pri:0, instance:MyAccount.Tests.LoginTest@21de60b4]" started-at="2023-10-27T12:23:00 IST" name="quitDriver_amConfig" finished-at="2023-10-27T12:23:15 IST" duration-ms="14691" status="PASS">
          <params>
            <param index="0">
              <value>
                <![CDATA[[TestResult name=loginTest status=SUCCESS method=LoginTest.loginTest()[pri:0, instance:MyAccount.Tests.LoginTest@21de60b4] output=[ASSERTION PASSED]: LOGIN SUCCESSFUL]]]>
              </value>
            </param>
          </params>
          <reporter-output>
          </reporter-output>
        </test-method> <!-- quitDriver_amConfig -->
        <test-method is-config="true" signature="flushExtentReport_asConfig()[pri:0, instance:MyAccount.Tests.LoginTest@21de60b4]" started-at="2023-10-27T12:23:37 IST" name="flushExtentReport_asConfig" finished-at="2023-10-27T12:23:38 IST" duration-ms="1050" status="PASS">
          <reporter-output>
          </reporter-output>
        </test-method> <!-- flushExtentReport_asConfig -->
      </class> <!-- MyAccount.Tests.LoginTest -->
      <class name="MyAccount.Tests.LogOutTest">
        <test-method is-config="true" signature="setUpDriverAndLogin_bmConfig(java.lang.String, java.lang.String, java.lang.String, java.lang.reflect.Method, org.testng.ITestResult)[pri:0, instance:MyAccount.Tests.LogOutTest@c267ef4]" started-at="2023-10-27T12:23:15 IST" name="setUpDriverAndLogin_bmConfig" finished-at="2023-10-27T12:23:32 IST" duration-ms="17249" status="PASS">
          <params>
            <param index="0">
              <value>
                <![CDATA[Firefox]]>
              </value>
            </param>
            <param index="1">
              <value>
                <![CDATA[119]]>
              </value>
            </param>
            <param index="2">
              <value>
                <![CDATA[Windows 10]]>
              </value>
            </param>
            <param index="3">
              <value>
                <![CDATA[public void MyAccount.Tests.LogOutTest.logOutTest()]]>
              </value>
            </param>
            <param index="4">
              <value>
                <![CDATA[[TestResult name={null} status=CREATED method=LogOutTest.logOutTest()[pri:0, instance:MyAccount.Tests.LogOutTest@c267ef4] output={null}]]]>
              </value>
            </param>
          </params>
          <reporter-output>
            <line>
              <![CDATA[******* Launched Firefox; Version: 119 ***********]]>
            </line>
            <line>
              <![CDATA[STEP: ENTERED LOGIN CREDENTIALS ]]>
            </line>
          </reporter-output>
        </test-method> <!-- setUpDriverAndLogin_bmConfig -->
        <test-method signature="logOutTest()[pri:0, instance:MyAccount.Tests.LogOutTest@c267ef4]" started-at="2023-10-27T12:23:32 IST" name="logOutTest" finished-at="2023-10-27T12:23:33 IST" duration-ms="776" status="PASS">
          <reporter-output>
            <line>
              <![CDATA[STEP: Clicked on Logout from My account dropdown]]>
            </line>
            <line>
              <![CDATA[[ASSERTION PASSED]: LOGOUT SUCCESSFUL]]>
            </line>
          </reporter-output>
        </test-method> <!-- logOutTest -->
        <test-method is-config="true" signature="quitDriver_amConfig(org.testng.ITestResult)[pri:0, instance:MyAccount.Tests.LogOutTest@c267ef4]" started-at="2023-10-27T12:23:33 IST" name="quitDriver_amConfig" finished-at="2023-10-27T12:23:37 IST" duration-ms="3999" status="PASS">
          <params>
            <param index="0">
              <value>
                <![CDATA[[TestResult name=logOutTest status=SUCCESS method=LogOutTest.logOutTest()[pri:0, instance:MyAccount.Tests.LogOutTest@c267ef4] output=STEP: Clicked on Logout from My account dropdown]]]>
              </value>
            </param>
          </params>
          <reporter-output>
          </reporter-output>
        </test-method> <!-- quitDriver_amConfig -->
      </class> <!-- MyAccount.Tests.LogOutTest -->
    </test> <!-- Test_Firefox_Win10 -->
  </suite> <!-- Suite -->
</testng-results>
